<?xml version="1.0" encoding="utf-8"?><testsuites><testsuite name="pytest" errors="0" failures="0" skipped="0" tests="20" time="0.091" timestamp="2023-12-05T21:47:07.870164" hostname="CKRTMs-MacBook-Pro-2.local"><testcase classname="pandas.tests.frame.methods.test_update.TestDataFrameUpdate" name="test_update_nan" time="0.004" /><testcase classname="pandas.tests.frame.methods.test_update.TestDataFrameUpdate" name="test_update" time="0.003" /><testcase classname="pandas.tests.frame.methods.test_update.TestDataFrameUpdate" name="test_update_dtypes" time="0.002" /><testcase classname="pandas.tests.frame.methods.test_update.TestDataFrameUpdate" name="test_update_nooverwrite" time="0.002" /><testcase classname="pandas.tests.frame.methods.test_update.TestDataFrameUpdate" name="test_update_filtered" time="0.002" /><testcase classname="pandas.tests.frame.methods.test_update.TestDataFrameUpdate" name="test_update_raise_bad_parameter[bad_kwarg0-ValueError-The parameter errors must.*]" time="0.001" /><testcase classname="pandas.tests.frame.methods.test_update.TestDataFrameUpdate" name="test_update_raise_bad_parameter[bad_kwarg1-NotImplementedError-Only left join is supported]" time="0.001" /><testcase classname="pandas.tests.frame.methods.test_update.TestDataFrameUpdate" name="test_update_raise_on_overlap" time="0.001" /><testcase classname="pandas.tests.frame.methods.test_update.TestDataFrameUpdate" name="test_update_perserves_dtypes[int8]" time="0.003" /><testcase classname="pandas.tests.frame.methods.test_update.TestDataFrameUpdate" name="test_update_perserves_dtypes[int16]" time="0.003" /><testcase classname="pandas.tests.frame.methods.test_update.TestDataFrameUpdate" name="test_update_perserves_dtypes[int32]" time="0.003" /><testcase classname="pandas.tests.frame.methods.test_update.TestDataFrameUpdate" name="test_update_perserves_dtypes[int64]" time="0.002" /><testcase classname="pandas.tests.frame.methods.test_update.TestDataFrameUpdate" name="test_update_perserves_dtypes[string]" time="0.003" /><testcase classname="pandas.tests.frame.methods.test_update.TestDataFrameUpdate" name="test_update_perserves_dtypes[datetime]" time="0.003" /><testcase classname="pandas.tests.frame.methods.test_update.TestDataFrameUpdate" name="test_update_perserves_dtypes[float]" time="0.002" /><testcase classname="pandas.tests.frame.methods.test_update.TestDataFrameUpdate" name="test_update_from_non_df" time="0.003" /><testcase classname="pandas.tests.frame.methods.test_update.TestDataFrameUpdate" name="test_update_datetime_tz" time="0.001" /><testcase classname="pandas.tests.frame.methods.test_update.TestDataFrameUpdate" name="test_update_with_different_dtype" time="0.002" /><testcase classname="pandas.tests.frame.methods.test_update.TestDataFrameUpdate" name="test_update_modify_view" time="0.002" /><testcase classname="pandas.tests.frame.methods.test_update.TestDataFrameUpdate" name="test_update_dt_column_with_NaT_create_column" time="0.004" /></testsuite></testsuites>